# JRE version: OpenJDK Runtime Environment (8.0_402-b06) (build 1.8.0_402-b06)
# Java VM: OpenJDK 64-Bit Server VM (25.402-b06 mixed mode linux-amd64 compressed oops)
Heap:
 PSYoungGen      total 279040K, used 16159K [0x0000000719400000, 0x000000072b900000, 0x00000007c0000000)
  eden space 258048K, 0% used [0x0000000719400000,0x0000000719400000,0x0000000729000000)
  from space 20992K, 76% used [0x0000000729000000,0x0000000729fc7cd8,0x000000072a480000)
  to   space 20992K, 0% used [0x000000072a480000,0x000000072a480000,0x000000072b900000)
 ParOldGen       total 239104K, used 43264K [0x00000005cbc00000, 0x00000005da580000, 0x0000000719400000)
  object space 239104K, 18% used [0x00000005cbc00000,0x00000005ce640270,0x00000005da580000)
 Metaspace       used 34941K, capacity 35220K, committed 35416K, reserved 1081344K
  class space    used 3721K, capacity 3816K, committed 3840K, reserved 1048576K
GC Heap History (11 events):
Event: 1.385 GC heap before
{Heap before GC invocations=1 (full 0):
 PSYoungGen      total 150016K, used 129024K [0x0000000719400000, 0x0000000723b00000, 0x00000007c0000000)
  eden space 129024K, 100% used [0x0000000719400000,0x0000000721200000,0x0000000721200000)
  from space 20992K, 0% used [0x0000000722680000,0x0000000722680000,0x0000000723b00000)
  to   space 20992K, 0% used [0x0000000721200000,0x0000000721200000,0x0000000722680000)
 ParOldGen       total 343040K, used 0K [0x00000005cbc00000, 0x00000005e0b00000, 0x0000000719400000)
  object space 343040K, 0% used [0x00000005cbc00000,0x00000005cbc00000,0x00000005e0b00000)
 Metaspace       used 15446K, capacity 15740K, committed 16128K, reserved 1062912K
  class space    used 1585K, capacity 1700K, committed 1792K, reserved 1048576K
Event: 1.395 GC heap after
Heap after GC invocations=1 (full 0):
 PSYoungGen      total 150016K, used 9509K [0x0000000719400000, 0x0000000723b00000, 0x00000007c0000000)
  eden space 129024K, 0% used [0x0000000719400000,0x0000000719400000,0x0000000721200000)
  from space 20992K, 45% used [0x0000000721200000,0x0000000721b494b8,0x0000000722680000)
  to   space 20992K, 0% used [0x0000000722680000,0x0000000722680000,0x0000000723b00000)
 ParOldGen       total 343040K, used 16K [0x00000005cbc00000, 0x00000005e0b00000, 0x0000000719400000)
  object space 343040K, 0% used [0x00000005cbc00000,0x00000005cbc04000,0x00000005e0b00000)
 Metaspace       used 15446K, capacity 15740K, committed 16128K, reserved 1062912K
  class space    used 1585K, capacity 1700K, committed 1792K, reserved 1048576K
}
Event: 1.955 GC heap before
{Heap before GC invocations=2 (full 0):
 PSYoungGen      total 150016K, used 138533K [0x0000000719400000, 0x0000000723b00000, 0x00000007c0000000)
  eden space 129024K, 100% used [0x0000000719400000,0x0000000721200000,0x0000000721200000)
  from space 20992K, 45% used [0x0000000721200000,0x0000000721b494b8,0x0000000722680000)
  to   space 20992K, 0% used [0x0000000722680000,0x0000000722680000,0x0000000723b00000)
 ParOldGen       total 343040K, used 16K [0x00000005cbc00000, 0x00000005e0b00000, 0x0000000719400000)
  object space 343040K, 0% used [0x00000005cbc00000,0x00000005cbc04000,0x00000005e0b00000)
 Metaspace       used 19028K, capacity 19356K, committed 19584K, reserved 1067008K
  class space    used 1982K, capacity 2116K, committed 2176K, reserved 1048576K
Event: 1.982 GC heap after
Heap after GC invocations=2 (full 0):
 PSYoungGen      total 150016K, used 20988K [0x0000000719400000, 0x000000072b900000, 0x00000007c0000000)
  eden space 129024K, 0% used [0x0000000719400000,0x0000000719400000,0x0000000721200000)
  from space 20992K, 99% used [0x0000000722680000,0x0000000723aff228,0x0000000723b00000)
  to   space 20992K, 0% used [0x0000000721200000,0x0000000721200000,0x0000000722680000)
 ParOldGen       total 343040K, used 8233K [0x00000005cbc00000, 0x00000005e0b00000, 0x0000000719400000)
  object space 343040K, 2% used [0x00000005cbc00000,0x00000005cc40a520,0x00000005e0b00000)
 Metaspace       used 19028K, capacity 19356K, committed 19584K, reserved 1067008K
  class space    used 1982K, capacity 2116K, committed 2176K, reserved 1048576K
}
Event: 2.283 GC heap before
{Heap before GC invocations=3 (full 0):
 PSYoungGen      total 150016K, used 150012K [0x0000000719400000, 0x000000072b900000, 0x00000007c0000000)
  eden space 129024K, 100% used [0x0000000719400000,0x0000000721200000,0x0000000721200000)
  from space 20992K, 99% used [0x0000000722680000,0x0000000723aff228,0x0000000723b00000)
  to   space 20992K, 0% used [0x0000000721200000,0x0000000721200000,0x0000000722680000)
 ParOldGen       total 343040K, used 8233K [0x00000005cbc00000, 0x00000005e0b00000, 0x0000000719400000)
  object space 343040K, 2% used [0x00000005cbc00000,0x00000005cc40a520,0x00000005e0b00000)
 Metaspace       used 19787K, capacity 20124K, committed 20480K, reserved 1067008K
  class space    used 2036K, capacity 2180K, committed 2304K, reserved 1048576K
Event: 2.312 GC heap after
Heap after GC invocations=3 (full 0):
 PSYoungGen      total 150016K, used 20982K [0x0000000719400000, 0x000000072b900000, 0x00000007c0000000)
  eden space 129024K, 0% used [0x0000000719400000,0x0000000719400000,0x0000000721200000)
  from space 20992K, 99% used [0x0000000721200000,0x000000072267d900,0x0000000722680000)
  to   space 20992K, 0% used [0x000000072a480000,0x000000072a480000,0x000000072b900000)
 ParOldGen       total 343040K, used 29241K [0x00000005cbc00000, 0x00000005e0b00000, 0x0000000719400000)
  object space 343040K, 8% used [0x00000005cbc00000,0x00000005cd88e470,0x00000005e0b00000)
 Metaspace       used 19787K, capacity 20124K, committed 20480K, reserved 1067008K
  class space    used 2036K, capacity 2180K, committed 2304K, reserved 1048576K
}
Event: 2.636 GC heap before
{Heap before GC invocations=4 (full 0):
 PSYoungGen      total 150016K, used 52743K [0x0000000719400000, 0x000000072b900000, 0x00000007c0000000)
  eden space 129024K, 24% used [0x0000000719400000,0x000000071b304598,0x0000000721200000)
  from space 20992K, 99% used [0x0000000721200000,0x000000072267d900,0x0000000722680000)
  to   space 20992K, 0% used [0x000000072a480000,0x000000072a480000,0x000000072b900000)
 ParOldGen       total 343040K, used 29241K [0x00000005cbc00000, 0x00000005e0b00000, 0x0000000719400000)
  object space 343040K, 8% used [0x00000005cbc00000,0x00000005cd88e470,0x00000005e0b00000)
 Metaspace       used 20759K, capacity 21084K, committed 21248K, reserved 1069056K
  class space    used 2094K, capacity 2244K, committed 2304K, reserved 1048576K
Event: 2.656 GC heap after
Heap after GC invocations=4 (full 0):
 PSYoungGen      total 279040K, used 20982K [0x0000000719400000, 0x000000072b900000, 0x00000007c0000000)
  eden space 258048K, 0% used [0x0000000719400000,0x0000000719400000,0x0000000729000000)
  from space 20992K, 99% used [0x000000072a480000,0x000000072b8fd900,0x000000072b900000)
  to   space 20992K, 0% used [0x0000000729000000,0x0000000729000000,0x000000072a480000)
 ParOldGen       total 343040K, used 29801K [0x00000005cbc00000, 0x00000005e0b00000, 0x0000000719400000)
  object space 343040K, 8% used [0x00000005cbc00000,0x00000005cd91a470,0x00000005e0b00000)
 Metaspace       used 20759K, capacity 21084K, committed 21248K, reserved 1069056K
  class space    used 2094K, capacity 2244K, committed 2304K, reserved 1048576K
}
Event: 2.656 GC heap before
{Heap before GC invocations=5 (full 1):
 PSYoungGen      total 279040K, used 20982K [0x0000000719400000, 0x000000072b900000, 0x00000007c0000000)
  eden space 258048K, 0% used [0x0000000719400000,0x0000000719400000,0x0000000729000000)
  from space 20992K, 99% used [0x000000072a480000,0x000000072b8fd900,0x000000072b900000)
  to   space 20992K, 0% used [0x0000000729000000,0x0000000729000000,0x000000072a480000)
 ParOldGen       total 343040K, used 29801K [0x00000005cbc00000, 0x00000005e0b00000, 0x0000000719400000)
  object space 343040K, 8% used [0x00000005cbc00000,0x00000005cd91a470,0x00000005e0b00000)
 Metaspace       used 20759K, capacity 21084K, committed 21248K, reserved 1069056K
  class space    used 2094K, capacity 2244K, committed 2304K, reserved 1048576K
Event: 2.723 GC heap after
Heap after GC invocations=5 (full 1):
 PSYoungGen      total 279040K, used 0K [0x0000000719400000, 0x000000072b900000, 0x00000007c0000000)
  eden space 258048K, 0% used [0x0000000719400000,0x0000000719400000,0x0000000729000000)
  from space 20992K, 0% used [0x000000072a480000,0x000000072a480000,0x000000072b900000)
  to   space 20992K, 0% used [0x0000000729000000,0x0000000729000000,0x000000072a480000)
 ParOldGen       total 239104K, used 43256K [0x00000005cbc00000, 0x00000005da580000, 0x0000000719400000)
  object space 239104K, 18% used [0x00000005cbc00000,0x00000005ce63e270,0x00000005da580000)
 Metaspace       used 20759K, capacity 21084K, committed 21248K, reserved 1069056K
  class space    used 2094K, capacity 2244K, committed 2304K, reserved 1048576K
}
Event: 4.359 GC heap before
{Heap before GC invocations=6 (full 1):
 PSYoungGen      total 279040K, used 216738K [0x0000000719400000, 0x000000072b900000, 0x00000007c0000000)
  eden space 258048K, 83% used [0x0000000719400000,0x00000007267a8a48,0x0000000729000000)
  from space 20992K, 0% used [0x000000072a480000,0x000000072a480000,0x000000072b900000)
  to   space 20992K, 0% used [0x0000000729000000,0x0000000729000000,0x000000072a480000)
 ParOldGen       total 239104K, used 43256K [0x00000005cbc00000, 0x00000005da580000, 0x0000000719400000)
  object space 239104K, 18% used [0x00000005cbc00000,0x00000005ce63e270,0x00000005da580000)
 Metaspace       used 34941K, capacity 35220K, committed 35416K, reserved 1081344K
  class space    used 3721K, capacity 3816K, committed 3840K, reserved 1048576K

